<?xml version="1.0" encoding="UTF-8"?>
<testsuite name="Facebook Test"
           tests="3"
           failures="2"
           errors="0"
           skipped="0"
           time="5.424">
    <properties></properties>

            <testcase
                name="Test_001_landingPageTitleCheck"
                time="0.012"
                classname="com.assignment.tests.FacebookTest">

            <failure type="java.lang.AssertionError" message="expected [Facebook – log in or sign up] but found [Facebook - Log In or Sign Up]">
                <![CDATA[java.lang.AssertionError: expected [Facebook – log in or sign up] but found [Facebook - Log In or Sign Up]
                org.testng.Assert.fail(Assert.java:99)org.testng.Assert.failNotEquals(Assert.java:1037)org.testng.Assert.assertEqualsImpl(Assert.java:140)org.testng.Assert.assertEquals(Assert.java:122)org.testng.Assert.assertEquals(Assert.java:629)org.testng.Assert.assertEquals(Assert.java:639)com.assignment.tests.FacebookTest.Test_001_landingPageTitleCheck(FacebookTest.java:18)sun.reflect.NativeMethodAccessorImpl.invoke0(Native Method)sun.reflect.NativeMethodAccessorImpl.invoke(NativeMethodAccessorImpl.java:62)sun.reflect.DelegatingMethodAccessorImpl.invoke(DelegatingMethodAccessorImpl.java:43)java.lang.reflect.Method.invoke(Method.java:498)org.testng.internal.MethodInvocationHelper.invokeMethod(MethodInvocationHelper.java:133)org.testng.internal.TestInvoker.invokeMethod(TestInvoker.java:598)org.testng.internal.TestInvoker.invokeTestMethod(TestInvoker.java:173)org.testng.internal.MethodRunner.runInSequence(MethodRunner.java:46)org.testng.internal.TestInvoker$MethodInvocationAgent.invoke(TestInvoker.java:824)org.testng.internal.TestInvoker.invokeTestMethods(TestInvoker.java:146)org.testng.internal.TestMethodWorker.invokeTestMethods(TestMethodWorker.java:146)org.testng.internal.TestMethodWorker.run(TestMethodWorker.java:128)java.util.concurrent.ThreadPoolExecutor.runWorker(ThreadPoolExecutor.java:1149)java.util.concurrent.ThreadPoolExecutor$Worker.run(ThreadPoolExecutor.java:624)java.lang.Thread.run(Thread.java:748)
]]>
            </failure>
    </testcase>
            <testcase
                name="Test_003_postStatusMessage"
                time="5.147"
                classname="com.assignment.tests.FacebookTest">

            <failure type="org.openqa.selenium.NoSuchElementException" message="Cannot locate an element using xpath=//div[@class=&apos;oajrlxb2 b3i9ofy5 qu0x051f esr5mh6w e9989ue4 r7d6kgcz rq0escxv nhd2j8a9 j83agx80 p7hjln8o kvgmc6g5 cxmmr5t8 oygrvhab hcukyx3x cxgpxx05 d1544ag0 sj5x9vvc tw6a2znq i1ao9s8h esuyzwwr f1sip0of lzcic4wl l9j0dhe7 abiwlrkh p8dawk7l bp9cbjyn orhb3f3m czkt41v7 fmqxjp7s emzo65vh btwxx1t3 buofh1pr idiwt2bm jifvfom9 kbf60n1y&apos;]
For documentation on this error, please visit: https://www.seleniumhq.org/exceptions/no_such_element.html
Build info: version: &apos;4.0.0-alpha-1&apos;, revision: &apos;d1d3728cae&apos;, time: &apos;2019-04-24T13:42:21&apos;
System info: host: &apos;LAPTOP-HMFUJK93&apos;, ip: &apos;10.162.124.248&apos;, os.name: &apos;Windows 10&apos;, os.arch: &apos;amd64&apos;, os.version: &apos;10.0&apos;, java.version: &apos;1.8.0_201&apos;
Driver info: driver.version: RemoteWebDriver">
                <![CDATA[org.openqa.selenium.NoSuchElementException: Cannot locate an element using xpath=//div[@class='oajrlxb2 b3i9ofy5 qu0x051f esr5mh6w e9989ue4 r7d6kgcz rq0escxv nhd2j8a9 j83agx80 p7hjln8o kvgmc6g5 cxmmr5t8 oygrvhab hcukyx3x cxgpxx05 d1544ag0 sj5x9vvc tw6a2znq i1ao9s8h esuyzwwr f1sip0of lzcic4wl l9j0dhe7 abiwlrkh p8dawk7l bp9cbjyn orhb3f3m czkt41v7 fmqxjp7s emzo65vh btwxx1t3 buofh1pr idiwt2bm jifvfom9 kbf60n1y']
For documentation on this error, please visit: https://www.seleniumhq.org/exceptions/no_such_element.html
Build info: version: '4.0.0-alpha-1', revision: 'd1d3728cae', time: '2019-04-24T13:42:21'
System info: host: 'LAPTOP-HMFUJK93', ip: '10.162.124.248', os.name: 'Windows 10', os.arch: 'amd64', os.version: '10.0', java.version: '1.8.0_201'
Driver info: driver.version: RemoteWebDriver
                org.openqa.selenium.remote.RemoteWebDriver.findElement(RemoteWebDriver.java:331)org.openqa.selenium.remote.RemoteWebDriver.findElementByXPath(RemoteWebDriver.java:446)org.openqa.selenium.By$ByXPath.findElement(By.java:353)org.openqa.selenium.remote.RemoteWebDriver.findElement(RemoteWebDriver.java:320)com.assignment.pages.FacebookPage.clickPostField(FacebookPage.java:51)com.assignment.pages.FacebookPage.postStatusMessage(FacebookPage.java:63)com.assignment.tests.FacebookTest.Test_003_postStatusMessage(FacebookTest.java:28)sun.reflect.NativeMethodAccessorImpl.invoke0(Native Method)sun.reflect.NativeMethodAccessorImpl.invoke(NativeMethodAccessorImpl.java:62)sun.reflect.DelegatingMethodAccessorImpl.invoke(DelegatingMethodAccessorImpl.java:43)java.lang.reflect.Method.invoke(Method.java:498)org.testng.internal.MethodInvocationHelper.invokeMethod(MethodInvocationHelper.java:133)org.testng.internal.TestInvoker.invokeMethod(TestInvoker.java:598)org.testng.internal.TestInvoker.invokeTestMethod(TestInvoker.java:173)org.testng.internal.MethodRunner.runInSequence(MethodRunner.java:46)org.testng.internal.TestInvoker$MethodInvocationAgent.invoke(TestInvoker.java:824)org.testng.internal.TestInvoker.invokeTestMethods(TestInvoker.java:146)org.testng.internal.TestMethodWorker.invokeTestMethods(TestMethodWorker.java:146)org.testng.internal.TestMethodWorker.run(TestMethodWorker.java:128)java.util.concurrent.ThreadPoolExecutor.runWorker(ThreadPoolExecutor.java:1149)java.util.concurrent.ThreadPoolExecutor$Worker.run(ThreadPoolExecutor.java:624)java.lang.Thread.run(Thread.java:748)
]]>
            </failure>
    </testcase>


            <testcase
                name="Test_002_login"
                time="0.265"
                classname="com.assignment.tests.FacebookTest">
            </testcase>
</testsuite>
